   DEBUG | 2025-03-27T20:16:38Z | __main__ | async_first.py:              init_logger | Line# 34 | start
   DEBUG | 2025-03-27T20:16:38Z | __main__ | async_first.py:              init_logger | Line# 35 | finished
   DEBUG | 2025-03-27T20:16:38Z | __main__ | async_first.py:                 <module> | Line# 54 | program call direct
    INFO | 2025-03-27T20:16:38Z | __main__ | async_first.py:                 <module> | Line# 55 | start program
    INFO | 2025-03-27T20:16:38Z | __main__ | async_first.py:                 <module> | Line# 57 | finished program
   DEBUG | 2025-03-27T20:22:02Z | __main__ | async_first.py:              init_logger | Line# 34 | start
   DEBUG | 2025-03-27T20:22:02Z | __main__ | async_first.py:              init_logger | Line# 35 | finished
   DEBUG | 2025-03-27T20:22:02Z | __main__ | async_first.py:                 <module> | Line# 56 | program call direct
    INFO | 2025-03-27T20:22:02Z | __main__ | async_first.py:                 <module> | Line# 57 | start program
    INFO | 2025-03-27T20:22:03Z | __main__ | async_first.py:                 <module> | Line# 59 | finished program
   DEBUG | 2025-03-27T20:24:48Z | __main__ | async_first.py:              init_logger | Line# 34 | start
   DEBUG | 2025-03-27T20:24:48Z | __main__ | async_first.py:              init_logger | Line# 35 | finished
   DEBUG | 2025-03-27T20:24:48Z | __main__ | async_first.py:                 <module> | Line# 58 | program call direct
    INFO | 2025-03-27T20:24:48Z | __main__ | async_first.py:                 <module> | Line# 59 | start program
    INFO | 2025-03-27T20:24:49Z | __main__ | async_first.py:                 <module> | Line# 61 | finished program
   DEBUG | 2025-03-27T20:30:37Z | __main__ | async_first.py:              init_logger | Line# 34 | start
   DEBUG | 2025-03-27T20:30:37Z | __main__ | async_first.py:              init_logger | Line# 35 | finished
   DEBUG | 2025-03-27T20:30:37Z | __main__ | async_first.py:                 <module> | Line# 60 | program call direct
    INFO | 2025-03-27T20:30:37Z | __main__ | async_first.py:                 <module> | Line# 61 | start program
   DEBUG | 2025-03-27T20:31:15Z | __main__ | async_first.py:              init_logger | Line# 34 | start
   DEBUG | 2025-03-27T20:31:15Z | __main__ | async_first.py:              init_logger | Line# 35 | finished
   DEBUG | 2025-03-27T20:31:15Z | __main__ | async_first.py:                 <module> | Line# 60 | program call direct
    INFO | 2025-03-27T20:31:15Z | __main__ | async_first.py:                 <module> | Line# 61 | start program
    INFO | 2025-03-27T20:31:16Z | __main__ | async_first.py:                 <module> | Line# 63 | finished program
   DEBUG | 2025-03-27T20:32:00Z | __main__ | async_first.py:              init_logger | Line# 34 | start
   DEBUG | 2025-03-27T20:32:00Z | __main__ | async_first.py:              init_logger | Line# 35 | finished
   DEBUG | 2025-03-27T20:32:00Z | __main__ | async_first.py:                 <module> | Line# 60 | program call direct
    INFO | 2025-03-27T20:32:00Z | __main__ | async_first.py:                 <module> | Line# 61 | start program
   DEBUG | 2025-03-28T14:40:13Z | __main__ | async_first.py:              init_logger | Line# 34 | start
   DEBUG | 2025-03-28T14:40:13Z | __main__ | async_first.py:              init_logger | Line# 35 | finished
   DEBUG | 2025-03-28T14:40:13Z | __main__ | async_first.py:                 <module> | Line# 60 | program call direct
    INFO | 2025-03-28T14:40:13Z | __main__ | async_first.py:                 <module> | Line# 61 | start program
   DEBUG | 2025-03-28T14:40:45Z | __main__ | async_first.py:              init_logger | Line# 34 | start
   DEBUG | 2025-03-28T14:40:45Z | __main__ | async_first.py:              init_logger | Line# 35 | finished
   DEBUG | 2025-03-28T14:40:45Z | __main__ | async_first.py:                 <module> | Line# 60 | program call direct
    INFO | 2025-03-28T14:40:45Z | __main__ | async_first.py:                 <module> | Line# 61 | start program
    INFO | 2025-03-28T14:40:45Z | __main__ | async_first.py:                 <module> | Line# 63 | finished program
   DEBUG | 2025-03-28T14:41:13Z | __main__ | async_first.py:              init_logger | Line# 34 | start
   DEBUG | 2025-03-28T14:41:13Z | __main__ | async_first.py:              init_logger | Line# 35 | finished
   DEBUG | 2025-03-28T14:41:13Z | __main__ | async_first.py:                 <module> | Line# 60 | program call direct
    INFO | 2025-03-28T14:41:13Z | __main__ | async_first.py:                 <module> | Line# 61 | start program
    INFO | 2025-03-28T14:41:14Z | __main__ | async_first.py:                      run | Line# 52 | 0     2.377721
1     2.927541
2     3.630416
3     5.970659
4     0.322212
5     0.734751
6     0.550000
7     1.498902
8     0.001817
9     0.547141
10    0.869681
11    1.353306
12    0.014419
13    0.168064
14    0.273567
15    0.271462
16    0.386372
17    1.196300
18    1.981297
Name: marketPrice, dtype: float64
    INFO | 2025-03-28T14:41:14Z | __main__ | async_first.py:                 <module> | Line# 63 | finished program
   DEBUG | 2025-03-28T14:44:49Z | __main__ | async_first.py:              init_logger | Line# 34 | start
   DEBUG | 2025-03-28T14:44:49Z | __main__ | async_first.py:              init_logger | Line# 35 | finished
   DEBUG | 2025-03-28T14:44:49Z | __main__ | async_first.py:                 <module> | Line# 61 | program call direct
    INFO | 2025-03-28T14:44:49Z | __main__ | async_first.py:                 <module> | Line# 62 | start program
   DEBUG | 2025-03-28T14:45:06Z | __main__ | async_first.py:              init_logger | Line# 34 | start
   DEBUG | 2025-03-28T14:45:06Z | __main__ | async_first.py:              init_logger | Line# 35 | finished
   DEBUG | 2025-03-28T14:45:06Z | __main__ | async_first.py:                 <module> | Line# 61 | program call direct
    INFO | 2025-03-28T14:45:06Z | __main__ | async_first.py:                 <module> | Line# 62 | start program
    INFO | 2025-03-28T14:45:06Z | __main__ | async_first.py:                      run | Line# 53 |                                              contract  position  marketPrice  marketValue  averageCost  unrealizedPNL  realizedPNL    account
0   Option(conId=760988597, symbol='ALB', lastTrad...       1.0     2.407206       240.72   265.056700         -24.34          0.0  DU5417029
1   Option(conId=760988670, symbol='ALB', lastTrad...      -2.0     2.963036      -592.61   286.282600         -20.04          0.0  DU5417029
2   Option(conId=755327744, symbol='BIDU', lastTra...       1.0     3.658671       365.87   283.636700          82.23          0.0  DU5417029
3   Option(conId=755327783, symbol='BIDU', lastTra...      -2.0     6.030281     -1206.06   429.698600        -346.66          0.0  DU5417029
4   Option(conId=722886411, symbol='CTSH', lastTra...       1.0     0.347451        34.75    61.056700         -26.31          0.0  DU5417029
5   Option(conId=722886491, symbol='CTSH', lastTra...      -3.0     0.828774      -248.63    94.437933          34.68          0.0  DU5417029
6   Option(conId=761035804, symbol='GOOG', lastTra...      -4.0     0.580000      -232.00   148.411425         361.65          0.0  DU5417029
7   Option(conId=761035843, symbol='GOOG', lastTra...       2.0     1.560000       312.00   246.581650        -181.16          0.0  DU5417029
8   Option(conId=759632068, symbol='INTC', lastTra...       2.0     0.001817         0.36     6.306650         -12.25          0.0  DU5417029
9   Option(conId=759632438, symbol='INTC', lastTra...      -1.0     0.573657       -57.37    65.188700           7.82          0.0  DU5417029
10  Option(conId=759651940, symbol='LI', lastTrade...      -2.0     0.895324      -179.06    79.598350         -19.87          0.0  DU5417029
11  Option(conId=759652105, symbol='LI', lastTrade...       1.0     1.386602       138.66   113.746700          24.91          0.0  DU5417029
12  Option(conId=764847965, symbol='PLTR', lastTra...      -1.0     0.020000        -2.00   129.936900         127.94          0.0  DU5417029
13  Option(conId=764848210, symbol='PLTR', lastTra...       1.0     0.180000        18.00   273.056700        -255.06          0.0  DU5417029
14  Option(conId=760004128, symbol='PLTR', lastTra...      -2.0     0.290000       -58.00   309.281950         560.56          0.0  DU5417029
15  Option(conId=765324651, symbol='VST', lastTrad...      -2.0     0.206827       -41.37   314.671800         587.98          0.0  DU5417029
16  Option(conId=765324677, symbol='VST', lastTrad...       1.0     0.299817        29.98   395.666700        -365.68          0.0  DU5417029
17  Option(conId=763248394, symbol='WSM', lastTrad...      -2.0     1.215582      -243.12   510.026400         776.94          0.0  DU5417029
18  Option(conId=763248479, symbol='WSM', lastTrad...       1.0     2.013303       201.33   760.306700        -558.98          0.0  DU5417029
    INFO | 2025-03-28T14:45:06Z | __main__ | async_first.py:                 <module> | Line# 64 | finished program
   DEBUG | 2025-03-28T14:46:14Z | __main__ | async_first.py:              init_logger | Line# 34 | start
   DEBUG | 2025-03-28T14:46:14Z | __main__ | async_first.py:              init_logger | Line# 35 | finished
   DEBUG | 2025-03-28T14:46:14Z | __main__ | async_first.py:                 <module> | Line# 62 | program call direct
    INFO | 2025-03-28T14:46:14Z | __main__ | async_first.py:                 <module> | Line# 63 | start program
   DEBUG | 2025-03-28T20:12:15Z | __main__ | async_ib_1.py:              init_logger | Line# 34 | start
   DEBUG | 2025-03-28T20:12:15Z | __main__ | async_ib_1.py:              init_logger | Line# 35 | finished
   DEBUG | 2025-03-28T20:12:15Z | __main__ | async_ib_1.py:                 <module> | Line# 62 | program call direct
    INFO | 2025-03-28T20:12:15Z | __main__ | async_ib_1.py:                 <module> | Line# 63 | start program
   DEBUG | 2025-03-28T20:13:12Z | __main__ | async_ib_2.py:              init_logger | Line# 34 | start
   DEBUG | 2025-03-28T20:13:12Z | __main__ | async_ib_2.py:              init_logger | Line# 35 | finished
   DEBUG | 2025-03-28T20:13:12Z | __main__ | async_ib_2.py:                 <module> | Line# 62 | program call direct
    INFO | 2025-03-28T20:13:12Z | __main__ | async_ib_2.py:                 <module> | Line# 63 | start program
   DEBUG | 2025-03-28T20:14:33Z | __main__ | async_ib_2.py:              init_logger | Line# 34 | start
   DEBUG | 2025-03-28T20:14:33Z | __main__ | async_ib_2.py:              init_logger | Line# 35 | finished
   DEBUG | 2025-03-28T20:14:33Z | __main__ | async_ib_2.py:                 <module> | Line# 64 | program call direct
    INFO | 2025-03-28T20:14:33Z | __main__ | async_ib_2.py:                 <module> | Line# 65 | start program
    INFO | 2025-03-28T20:14:33Z | __main__ | async_ib_2.py:                      run | Line# 44 | RUN START
   DEBUG | 2025-03-28T20:17:41Z | __main__ | async_ib_2.py:              init_logger | Line# 34 | start
   DEBUG | 2025-03-28T20:17:41Z | __main__ | async_ib_2.py:              init_logger | Line# 35 | finished
   DEBUG | 2025-03-28T20:17:41Z | __main__ | async_ib_2.py:                 <module> | Line# 64 | program call direct
    INFO | 2025-03-28T20:17:41Z | __main__ | async_ib_2.py:                 <module> | Line# 65 | start program
    INFO | 2025-03-28T20:17:41Z | __main__ | async_ib_2.py:                      run | Line# 44 | RUN START
   ERROR | 2025-03-28T20:17:41Z | __main__ | async_ib_2.py:                 <module> | Line# 72 | An error => 'RangeIndex' object is not callable occurred line:#66
   DEBUG | 2025-03-28T20:19:46Z | __main__ | async_ib_2.py:              init_logger | Line# 34 | start
   DEBUG | 2025-03-28T20:19:46Z | __main__ | async_ib_2.py:              init_logger | Line# 35 | finished
   DEBUG | 2025-03-28T20:19:46Z | __main__ | async_ib_2.py:                 <module> | Line# 69 | program call direct
    INFO | 2025-03-28T20:19:46Z | __main__ | async_ib_2.py:                 <module> | Line# 70 | start program
    INFO | 2025-03-28T20:19:46Z | __main__ | async_ib_2.py:                      run | Line# 44 | RUN START
   ERROR | 2025-03-28T20:19:46Z | __main__ | async_ib_2.py:                      run | Line# 60 | An error => 'RangeIndex' object is not callable occurred line:#56
    INFO | 2025-03-28T20:19:46Z | __main__ | async_ib_2.py:                 <module> | Line# 72 | finished program
   DEBUG | 2025-03-28T20:20:39Z | __main__ | async_ib_2.py:              init_logger | Line# 34 | start
   DEBUG | 2025-03-28T20:20:39Z | __main__ | async_ib_2.py:              init_logger | Line# 35 | finished
   DEBUG | 2025-03-28T20:20:39Z | __main__ | async_ib_2.py:                 <module> | Line# 69 | program call direct
    INFO | 2025-03-28T20:20:39Z | __main__ | async_ib_2.py:                 <module> | Line# 70 | start program
    INFO | 2025-03-28T20:20:39Z | __main__ | async_ib_2.py:                      run | Line# 44 | RUN START
    INFO | 2025-03-28T20:20:40Z | __main__ | async_ib_2.py:                      run | Line# 57 |                                              contract  position  marketPrice  marketValue  averageCost  unrealizedPNL  realizedPNL    account
0   Option(conId=760988597, symbol='ALB', lastTrad...       1.0     3.959521       395.95   265.056700         130.90          0.0  DU5417029
1   Option(conId=760988670, symbol='ALB', lastTrad...      -2.0     4.689632      -937.93   286.282600        -365.36          0.0  DU5417029
2   Option(conId=755327744, symbol='BIDU', lastTra...       1.0     4.098847       409.88   283.636700         126.25          0.0  DU5417029
3   Option(conId=755327783, symbol='BIDU', lastTra...      -2.0     6.633174     -1326.63   429.698600        -467.24          0.0  DU5417029
4   Option(conId=722886411, symbol='CTSH', lastTra...       1.0     0.688711        68.87    61.056700           7.81          0.0  DU5417029
5   Option(conId=722886491, symbol='CTSH', lastTra...      -3.0     1.387949      -416.38    94.437933        -133.07          0.0  DU5417029
6   Option(conId=761035804, symbol='GOOG', lastTra...      -4.0     2.390000      -956.00   148.411425        -362.35          0.0  DU5417029
7   Option(conId=761035843, symbol='GOOG', lastTra...       2.0     5.067243      1013.45   246.581650         520.29          0.0  DU5417029
8   Option(conId=759632068, symbol='INTC', lastTra...       2.0     0.001817         0.36     6.306650         -12.25          0.0  DU5417029
9   Option(conId=759632438, symbol='INTC', lastTra...      -1.0     1.144786      -114.48    65.188700         -49.29          0.0  DU5417029
10  Option(conId=759651940, symbol='LI', lastTrade...      -2.0     1.127105      -225.42    79.598350         -66.22          0.0  DU5417029
11  Option(conId=759652105, symbol='LI', lastTrade...       1.0     1.627102       162.71   113.746700          48.96          0.0  DU5417029
12  Option(conId=764847965, symbol='PLTR', lastTra...      -1.0     0.000579        -0.06   129.936900         129.88          0.0  DU5417029
13  Option(conId=764848210, symbol='PLTR', lastTra...       1.0     0.050000         5.00   273.056700        -268.06          0.0  DU5417029
14  Option(conId=760004128, symbol='PLTR', lastTra...      -2.0     0.274717       -54.94   309.281950         563.62          0.0  DU5417029
15  Option(conId=765324651, symbol='VST', lastTrad...      -2.0     0.024878        -4.98   314.671800         624.37          0.0  DU5417029
16  Option(conId=765324677, symbol='VST', lastTrad...       1.0     0.057467         5.75   395.666700        -389.92          0.0  DU5417029
17  Option(conId=763248394, symbol='WSM', lastTrad...      -2.0     1.728790      -345.76   510.026400         674.29          0.0  DU5417029
18  Option(conId=763248479, symbol='WSM', lastTrad...       1.0     2.814931       281.49   760.306700        -478.81          0.0  DU5417029
    INFO | 2025-03-28T20:20:40Z | __main__ | async_ib_2.py:                      run | Line# 58 | RUN EXIT
    INFO | 2025-03-28T20:20:40Z | __main__ | async_ib_2.py:                 <module> | Line# 72 | finished program
   DEBUG | 2025-03-28T20:22:47Z | __main__ | async_ib_2.py:              init_logger | Line# 34 | start
   DEBUG | 2025-03-28T20:22:47Z | __main__ | async_ib_2.py:              init_logger | Line# 35 | finished
   DEBUG | 2025-03-28T20:22:47Z | __main__ | async_ib_2.py:                 <module> | Line# 69 | program call direct
    INFO | 2025-03-28T20:22:47Z | __main__ | async_ib_2.py:                 <module> | Line# 70 | start program
    INFO | 2025-03-28T20:22:47Z | __main__ | async_ib_2.py:                      run | Line# 44 | RUN START
   ERROR | 2025-03-28T20:22:47Z | __main__ | async_ib_2.py:                      run | Line# 60 | An error => 'NoneType' object has no attribute 'format' occurred line:#56
    INFO | 2025-03-28T20:22:47Z | __main__ | async_ib_2.py:                 <module> | Line# 72 | finished program
   DEBUG | 2025-03-28T20:31:53Z | __main__ | async_ib_2.py:              init_logger | Line# 34 | start
   DEBUG | 2025-03-28T20:31:53Z | __main__ | async_ib_2.py:              init_logger | Line# 35 | finished
   DEBUG | 2025-03-28T20:31:53Z | __main__ | async_ib_2.py:                 <module> | Line# 71 | program call direct
    INFO | 2025-03-28T20:31:53Z | __main__ | async_ib_2.py:                 <module> | Line# 72 | start program
    INFO | 2025-03-28T20:31:53Z | __main__ | async_ib_2.py:                      run | Line# 44 | RUN START
   ERROR | 2025-03-28T20:31:54Z | __main__ | async_ib_2.py:                      run | Line# 62 | An error => 'NoneType' object has no attribute 'format' occurred line:#58
    INFO | 2025-03-28T20:31:54Z | __main__ | async_ib_2.py:                 <module> | Line# 74 | finished program
   DEBUG | 2025-03-28T20:33:29Z | __main__ | async_ib_2.py:              init_logger | Line# 34 | start
   DEBUG | 2025-03-28T20:33:29Z | __main__ | async_ib_2.py:              init_logger | Line# 35 | finished
   DEBUG | 2025-03-28T20:33:29Z | __main__ | async_ib_2.py:                 <module> | Line# 73 | program call direct
    INFO | 2025-03-28T20:33:29Z | __main__ | async_ib_2.py:                 <module> | Line# 74 | start program
    INFO | 2025-03-28T20:33:29Z | __main__ | async_ib_2.py:                      run | Line# 44 | RUN START
    INFO | 2025-03-28T20:33:30Z | __main__ | async_ib_2.py:                      run | Line# 59 | Type => {}
   ERROR | 2025-03-28T20:33:30Z | __main__ | async_ib_2.py:                      run | Line# 64 | An error => 'NoneType' object has no attribute 'format' occurred line:#59
    INFO | 2025-03-28T20:33:30Z | __main__ | async_ib_2.py:                 <module> | Line# 76 | finished program
   DEBUG | 2025-03-28T20:40:28Z | __main__ | async_ib_2.py:              init_logger | Line# 34 | start
   DEBUG | 2025-03-28T20:40:28Z | __main__ | async_ib_2.py:              init_logger | Line# 35 | finished
   DEBUG | 2025-03-28T20:40:28Z | __main__ | async_ib_2.py:                 <module> | Line# 74 | program call direct
    INFO | 2025-03-28T20:40:28Z | __main__ | async_ib_2.py:                 <module> | Line# 75 | start program
    INFO | 2025-03-28T20:40:28Z | __main__ | async_ib_2.py:                      run | Line# 44 | RUN START
    INFO | 2025-03-28T20:40:29Z | __main__ | async_ib_2.py:                      run | Line# 62 |                                              contract  position  marketPrice  marketValue  averageCost  unrealizedPNL  realizedPNL    account
0   Option(conId=760988597, symbol='ALB', lastTrad...       1.0     4.073123       407.31   265.056700         142.26          0.0  DU5417029
1   Option(conId=760988670, symbol='ALB', lastTrad...      -2.0     4.817012      -963.40   286.282600        -390.84          0.0  DU5417029
2   Option(conId=755327744, symbol='BIDU', lastTra...       1.0     4.308792       430.88   283.636700         147.24          0.0  DU5417029
3   Option(conId=755327783, symbol='BIDU', lastTra...      -2.0     6.943289     -1388.66   429.698600        -529.26          0.0  DU5417029
4   Option(conId=722886411, symbol='CTSH', lastTra...       1.0     0.688711        68.87    61.056700           7.81          0.0  DU5417029
5   Option(conId=722886491, symbol='CTSH', lastTra...      -3.0     1.440893      -432.27    94.437933        -148.95          0.0  DU5417029
6   Option(conId=761035804, symbol='GOOG', lastTra...      -4.0     2.718091     -1087.24   148.411425        -493.59          0.0  DU5417029
7   Option(conId=761035843, symbol='GOOG', lastTra...       2.0     5.521841      1104.37   246.581650         611.20          0.0  DU5417029
8   Option(conId=759632068, symbol='INTC', lastTra...       2.0     0.001817         0.36     6.306650         -12.25          0.0  DU5417029
9   Option(conId=759632438, symbol='INTC', lastTra...      -1.0     1.276001      -127.60    65.188700         -62.41          0.0  DU5417029
10  Option(conId=759651940, symbol='LI', lastTrade...      -2.0     1.116001      -223.20    79.598350         -64.00          0.0  DU5417029
11  Option(conId=759652105, symbol='LI', lastTrade...       1.0     1.616001       161.60   113.746700          47.85          0.0  DU5417029
12  Option(conId=764847965, symbol='PLTR', lastTra...      -1.0     0.000579        -0.06   129.936900         129.88          0.0  DU5417029
13  Option(conId=764848210, symbol='PLTR', lastTra...       1.0     0.028350         2.84   273.056700        -270.22          0.0  DU5417029
14  Option(conId=760004128, symbol='PLTR', lastTra...      -2.0     0.240000       -48.00   309.281950         570.56          0.0  DU5417029
15  Option(conId=765324651, symbol='VST', lastTrad...      -2.0     0.027854        -5.57   314.671800         623.77          0.0  DU5417029
16  Option(conId=765324677, symbol='VST', lastTrad...       1.0     0.098286         9.83   395.666700        -385.84          0.0  DU5417029
17  Option(conId=763248394, symbol='WSM', lastTrad...      -2.0     1.865483      -373.10   510.026400         646.96          0.0  DU5417029
18  Option(conId=763248479, symbol='WSM', lastTrad...       1.0     3.103434       310.34   760.306700        -449.96          0.0  DU5417029
    INFO | 2025-03-28T20:40:29Z | __main__ | async_ib_2.py:                      run | Line# 63 | RUN EXIT
    INFO | 2025-03-28T20:40:29Z | __main__ | async_ib_2.py:                 <module> | Line# 77 | finished program
   DEBUG | 2025-03-28T20:45:14Z | __main__ | async_ib_2.py:              init_logger | Line# 34 | start
   DEBUG | 2025-03-28T20:45:14Z | __main__ | async_ib_2.py:              init_logger | Line# 35 | finished
   DEBUG | 2025-03-28T20:45:14Z | __main__ | async_ib_2.py:                 <module> | Line# 74 | program call direct
    INFO | 2025-03-28T20:45:14Z | __main__ | async_ib_2.py:                 <module> | Line# 75 | start program
    INFO | 2025-03-28T20:45:14Z | __main__ | async_ib_2.py:                      run | Line# 44 | RUN START
   ERROR | 2025-03-28T20:45:15Z | __main__ | async_ib_2.py:                      run | Line# 65 | An error => name 'contract' is not defined occurred line:#62
    INFO | 2025-03-28T20:45:15Z | __main__ | async_ib_2.py:                 <module> | Line# 77 | finished program
   DEBUG | 2025-03-28T20:46:20Z | __main__ | async_ib_2.py:              init_logger | Line# 34 | start
   DEBUG | 2025-03-28T20:46:20Z | __main__ | async_ib_2.py:              init_logger | Line# 35 | finished
   DEBUG | 2025-03-28T20:46:20Z | __main__ | async_ib_2.py:                 <module> | Line# 74 | program call direct
    INFO | 2025-03-28T20:46:20Z | __main__ | async_ib_2.py:                 <module> | Line# 75 | start program
    INFO | 2025-03-28T20:46:20Z | __main__ | async_ib_2.py:                      run | Line# 44 | RUN START
    INFO | 2025-03-28T20:46:21Z | __main__ | async_ib_2.py:                      run | Line# 62 | Index(['contract', 'position', 'marketPrice', 'marketValue', 'averageCost',
       'unrealizedPNL', 'realizedPNL', 'account'],
      dtype='object')
    INFO | 2025-03-28T20:46:21Z | __main__ | async_ib_2.py:                      run | Line# 63 | RUN EXIT
    INFO | 2025-03-28T20:46:21Z | __main__ | async_ib_2.py:                 <module> | Line# 77 | finished program
   DEBUG | 2025-03-28T20:48:28Z | __main__ | async_ib_2.py:              init_logger | Line# 34 | start
   DEBUG | 2025-03-28T20:48:28Z | __main__ | async_ib_2.py:              init_logger | Line# 35 | finished
   DEBUG | 2025-03-28T20:48:28Z | __main__ | async_ib_2.py:                 <module> | Line# 76 | program call direct
    INFO | 2025-03-28T20:48:28Z | __main__ | async_ib_2.py:                 <module> | Line# 77 | start program
    INFO | 2025-03-28T20:48:28Z | __main__ | async_ib_2.py:                      run | Line# 44 | RUN START
    INFO | 2025-03-28T20:48:29Z | __main__ | async_ib_2.py:                      run | Line# 63 | Index(['contract', 'position', 'marketPrice', 'marketValue', 'averageCost',
       'unrealizedPNL', 'realizedPNL', 'account'],
      dtype='object')
    INFO | 2025-03-28T20:48:29Z | __main__ | async_ib_2.py:                      run | Line# 64 | <bound method NDFrame.describe of                                              contract  position  marketPrice  marketValue  averageCost  unrealizedPNL  realizedPNL    account
0   Option(conId=760988597, symbol='ALB', lastTrad...       1.0     4.020048       402.00   265.056700         136.95          0.0  DU5417029
1   Option(conId=760988670, symbol='ALB', lastTrad...      -2.0     4.764816      -952.96   286.282600        -380.40          0.0  DU5417029
2   Option(conId=755327744, symbol='BIDU', lastTra...       1.0     4.305770       430.58   283.636700         146.94          0.0  DU5417029
3   Option(conId=755327783, symbol='BIDU', lastTra...      -2.0     6.894070     -1378.81   429.698600        -519.42          0.0  DU5417029
4   Option(conId=722886411, symbol='CTSH', lastTra...       1.0     0.716222        71.62    61.056700          10.57          0.0  DU5417029
5   Option(conId=722886491, symbol='CTSH', lastTra...      -3.0     1.469620      -440.89    94.437933        -157.57          0.0  DU5417029
6   Option(conId=761035804, symbol='GOOG', lastTra...      -4.0     2.750000     -1100.00   148.411425        -506.35          0.0  DU5417029
7   Option(conId=761035843, symbol='GOOG', lastTra...       2.0     5.625795      1125.16   246.581650         632.00          0.0  DU5417029
8   Option(conId=759632068, symbol='INTC', lastTra...       2.0     0.000000         0.00     6.306650         -12.61          0.0  DU5417029
9   Option(conId=759632438, symbol='INTC', lastTra...      -1.0     1.294001      -129.40    65.188700         -64.21          0.0  DU5417029
10  Option(conId=759651940, symbol='LI', lastTrade...      -2.0     1.046000      -209.20    79.598350         -50.00          0.0  DU5417029
11  Option(conId=759652105, symbol='LI', lastTrade...       1.0     1.546000       154.60   113.746700          40.85          0.0  DU5417029
12  Option(conId=764847965, symbol='PLTR', lastTra...      -1.0     0.000579        -0.06   129.936900         129.88          0.0  DU5417029
13  Option(conId=764848210, symbol='PLTR', lastTra...       1.0     0.020000         2.00   273.056700        -271.06          0.0  DU5417029
14  Option(conId=760004128, symbol='PLTR', lastTra...      -2.0     0.153613       -30.72   309.281950         587.84          0.0  DU5417029
15  Option(conId=765324651, symbol='VST', lastTrad...      -2.0     0.014854        -2.97   314.671800         626.37          0.0  DU5417029
16  Option(conId=765324677, symbol='VST', lastTrad...       1.0     0.053919         5.39   395.666700        -390.27          0.0  DU5417029
17  Option(conId=763248394, symbol='WSM', lastTrad...      -2.0     1.769725      -353.94   510.026400         666.11          0.0  DU5417029
18  Option(conId=763248479, symbol='WSM', lastTrad...       1.0     2.916502       291.65   760.306700        -468.66          0.0  DU5417029>
    INFO | 2025-03-28T20:48:29Z | __main__ | async_ib_2.py:                      run | Line# 65 | RUN EXIT
    INFO | 2025-03-28T20:48:29Z | __main__ | async_ib_2.py:                 <module> | Line# 79 | finished program
   DEBUG | 2025-03-28T20:49:02Z | __main__ | async_ib_2.py:              init_logger | Line# 34 | start
   DEBUG | 2025-03-28T20:49:02Z | __main__ | async_ib_2.py:              init_logger | Line# 35 | finished
   DEBUG | 2025-03-28T20:49:02Z | __main__ | async_ib_2.py:                 <module> | Line# 76 | program call direct
    INFO | 2025-03-28T20:49:02Z | __main__ | async_ib_2.py:                 <module> | Line# 77 | start program
    INFO | 2025-03-28T20:49:02Z | __main__ | async_ib_2.py:                      run | Line# 44 | RUN START
    INFO | 2025-03-28T20:49:02Z | __main__ | async_ib_2.py:                      run | Line# 63 | Index(['contract', 'position', 'marketPrice', 'marketValue', 'averageCost',
       'unrealizedPNL', 'realizedPNL', 'account'],
      dtype='object')
    INFO | 2025-03-28T20:49:02Z | __main__ | async_ib_2.py:                      run | Line# 65 | RUN EXIT
    INFO | 2025-03-28T20:49:02Z | __main__ | async_ib_2.py:                 <module> | Line# 79 | finished program
   DEBUG | 2025-03-28T20:53:53Z | __main__ | async_ib_2.py:              init_logger | Line# 34 | start
   DEBUG | 2025-03-28T20:53:53Z | __main__ | async_ib_2.py:              init_logger | Line# 35 | finished
   DEBUG | 2025-03-28T20:53:53Z | __main__ | async_ib_2.py:                 <module> | Line# 80 | program call direct
    INFO | 2025-03-28T20:53:53Z | __main__ | async_ib_2.py:                 <module> | Line# 81 | start program
    INFO | 2025-03-28T20:53:53Z | __main__ | async_ib_2.py:                      run | Line# 44 | RUN START
    INFO | 2025-03-28T20:53:53Z | __main__ | async_ib_2.py:                      run | Line# 63 | Index(['contract', 'position', 'marketPrice', 'marketValue', 'averageCost',
       'unrealizedPNL', 'realizedPNL', 'account'],
      dtype='object')
    INFO | 2025-03-28T20:53:53Z | __main__ | async_ib_2.py:                      run | Line# 64 | 0     Option(conId=760988597, symbol='ALB', lastTrad...
1     Option(conId=760988670, symbol='ALB', lastTrad...
2     Option(conId=755327744, symbol='BIDU', lastTra...
3     Option(conId=755327783, symbol='BIDU', lastTra...
4     Option(conId=722886411, symbol='CTSH', lastTra...
5     Option(conId=722886491, symbol='CTSH', lastTra...
6     Option(conId=761035804, symbol='GOOG', lastTra...
7     Option(conId=761035843, symbol='GOOG', lastTra...
8     Option(conId=759632068, symbol='INTC', lastTra...
9     Option(conId=759632438, symbol='INTC', lastTra...
10    Option(conId=759651940, symbol='LI', lastTrade...
11    Option(conId=759652105, symbol='LI', lastTrade...
12    Option(conId=764847965, symbol='PLTR', lastTra...
13    Option(conId=764848210, symbol='PLTR', lastTra...
14    Option(conId=760004128, symbol='PLTR', lastTra...
15    Option(conId=765324651, symbol='VST', lastTrad...
16    Option(conId=765324677, symbol='VST', lastTrad...
17    Option(conId=763248394, symbol='WSM', lastTrad...
18    Option(conId=763248479, symbol='WSM', lastTrad...
Name: contract, dtype: object
    INFO | 2025-03-28T20:53:53Z | __main__ | async_ib_2.py:                      run | Line# 69 | RUN EXIT
    INFO | 2025-03-28T20:53:53Z | __main__ | async_ib_2.py:                 <module> | Line# 83 | finished program
   DEBUG | 2025-03-28T20:56:26Z | __main__ | async_ib_2.py:              init_logger | Line# 34 | start
   DEBUG | 2025-03-28T20:56:26Z | __main__ | async_ib_2.py:              init_logger | Line# 35 | finished
   DEBUG | 2025-03-28T20:56:26Z | __main__ | async_ib_2.py:                 <module> | Line# 80 | program call direct
    INFO | 2025-03-28T20:56:26Z | __main__ | async_ib_2.py:                 <module> | Line# 81 | start program
    INFO | 2025-03-28T20:56:26Z | __main__ | async_ib_2.py:                      run | Line# 44 | RUN START
    INFO | 2025-03-28T20:56:27Z | __main__ | async_ib_2.py:                      run | Line# 64 | 0     Option(conId=760988597, symbol='ALB', lastTrad...
1     Option(conId=760988670, symbol='ALB', lastTrad...
2     Option(conId=755327744, symbol='BIDU', lastTra...
3     Option(conId=755327783, symbol='BIDU', lastTra...
4     Option(conId=722886411, symbol='CTSH', lastTra...
5     Option(conId=722886491, symbol='CTSH', lastTra...
6     Option(conId=761035804, symbol='GOOG', lastTra...
7     Option(conId=761035843, symbol='GOOG', lastTra...
8     Option(conId=759632068, symbol='INTC', lastTra...
9     Option(conId=759632438, symbol='INTC', lastTra...
10    Option(conId=759651940, symbol='LI', lastTrade...
11    Option(conId=759652105, symbol='LI', lastTrade...
12    Option(conId=764847965, symbol='PLTR', lastTra...
13    Option(conId=764848210, symbol='PLTR', lastTra...
14    Option(conId=760004128, symbol='PLTR', lastTra...
15    Option(conId=765324651, symbol='VST', lastTrad...
16    Option(conId=765324677, symbol='VST', lastTrad...
17    Option(conId=763248394, symbol='WSM', lastTrad...
18    Option(conId=763248479, symbol='WSM', lastTrad...
Name: contract, dtype: object
    INFO | 2025-03-28T20:56:27Z | __main__ | async_ib_2.py:                      run | Line# 69 | RUN EXIT
    INFO | 2025-03-28T20:56:27Z | __main__ | async_ib_2.py:                 <module> | Line# 83 | finished program
   DEBUG | 2025-03-28T20:58:05Z | __main__ | async_ib_2.py:              init_logger | Line# 34 | start
   DEBUG | 2025-03-28T20:58:05Z | __main__ | async_ib_2.py:              init_logger | Line# 35 | finished
   DEBUG | 2025-03-28T20:58:05Z | __main__ | async_ib_2.py:                 <module> | Line# 82 | program call direct
    INFO | 2025-03-28T20:58:05Z | __main__ | async_ib_2.py:                 <module> | Line# 83 | start program
    INFO | 2025-03-28T20:58:05Z | __main__ | async_ib_2.py:                      run | Line# 44 | RUN START
    INFO | 2025-03-28T20:58:06Z | __main__ | async_ib_2.py:                      run | Line# 64 | 0     Option(conId=760988597, symbol='ALB', lastTrad...
1     Option(conId=760988670, symbol='ALB', lastTrad...
2     Option(conId=755327744, symbol='BIDU', lastTra...
3     Option(conId=755327783, symbol='BIDU', lastTra...
4     Option(conId=722886411, symbol='CTSH', lastTra...
5     Option(conId=722886491, symbol='CTSH', lastTra...
6     Option(conId=761035804, symbol='GOOG', lastTra...
7     Option(conId=761035843, symbol='GOOG', lastTra...
8     Option(conId=759632068, symbol='INTC', lastTra...
9     Option(conId=759632438, symbol='INTC', lastTra...
10    Option(conId=759651940, symbol='LI', lastTrade...
11    Option(conId=759652105, symbol='LI', lastTrade...
12    Option(conId=764847965, symbol='PLTR', lastTra...
13    Option(conId=764848210, symbol='PLTR', lastTra...
14    Option(conId=760004128, symbol='PLTR', lastTra...
15    Option(conId=765324651, symbol='VST', lastTrad...
16    Option(conId=765324677, symbol='VST', lastTrad...
17    Option(conId=763248394, symbol='WSM', lastTrad...
18    Option(conId=763248479, symbol='WSM', lastTrad...
Name: contract, dtype: object
    INFO | 2025-03-28T20:58:06Z | __main__ | async_ib_2.py:                      run | Line# 66 | position => Test
    INFO | 2025-03-28T20:58:06Z | __main__ | async_ib_2.py:                      run | Line# 71 | RUN EXIT
    INFO | 2025-03-28T20:58:06Z | __main__ | async_ib_2.py:                 <module> | Line# 85 | finished program
   DEBUG | 2025-03-28T20:59:04Z | __main__ | async_ib_2.py:              init_logger | Line# 34 | start
   DEBUG | 2025-03-28T20:59:04Z | __main__ | async_ib_2.py:              init_logger | Line# 35 | finished
   DEBUG | 2025-03-28T20:59:04Z | __main__ | async_ib_2.py:                 <module> | Line# 82 | program call direct
    INFO | 2025-03-28T20:59:04Z | __main__ | async_ib_2.py:                 <module> | Line# 83 | start program
    INFO | 2025-03-28T20:59:04Z | __main__ | async_ib_2.py:                      run | Line# 44 | RUN START
    INFO | 2025-03-28T20:59:05Z | __main__ | async_ib_2.py:                      run | Line# 64 | 0     Option(conId=760988597, symbol='ALB', lastTrad...
1     Option(conId=760988670, symbol='ALB', lastTrad...
2     Option(conId=755327744, symbol='BIDU', lastTra...
3     Option(conId=755327783, symbol='BIDU', lastTra...
4     Option(conId=722886411, symbol='CTSH', lastTra...
5     Option(conId=722886491, symbol='CTSH', lastTra...
6     Option(conId=761035804, symbol='GOOG', lastTra...
7     Option(conId=761035843, symbol='GOOG', lastTra...
8     Option(conId=759632068, symbol='INTC', lastTra...
9     Option(conId=759632438, symbol='INTC', lastTra...
10    Option(conId=759651940, symbol='LI', lastTrade...
11    Option(conId=759652105, symbol='LI', lastTrade...
12    Option(conId=764847965, symbol='PLTR', lastTra...
13    Option(conId=764848210, symbol='PLTR', lastTra...
14    Option(conId=760004128, symbol='PLTR', lastTra...
15    Option(conId=765324651, symbol='VST', lastTrad...
16    Option(conId=765324677, symbol='VST', lastTrad...
17    Option(conId=763248394, symbol='WSM', lastTrad...
18    Option(conId=763248479, symbol='WSM', lastTrad...
Name: contract, dtype: object
    INFO | 2025-03-28T20:59:05Z | __main__ | async_ib_2.py:                      run | Line# 66 | position => 0     Option(conId=760988597, symbol='ALB', lastTrad...
1     Option(conId=760988670, symbol='ALB', lastTrad...
2     Option(conId=755327744, symbol='BIDU', lastTra...
3     Option(conId=755327783, symbol='BIDU', lastTra...
4     Option(conId=722886411, symbol='CTSH', lastTra...
5     Option(conId=722886491, symbol='CTSH', lastTra...
6     Option(conId=761035804, symbol='GOOG', lastTra...
7     Option(conId=761035843, symbol='GOOG', lastTra...
8     Option(conId=759632068, symbol='INTC', lastTra...
9     Option(conId=759632438, symbol='INTC', lastTra...
10    Option(conId=759651940, symbol='LI', lastTrade...
11    Option(conId=759652105, symbol='LI', lastTrade...
12    Option(conId=764847965, symbol='PLTR', lastTra...
13    Option(conId=764848210, symbol='PLTR', lastTra...
14    Option(conId=760004128, symbol='PLTR', lastTra...
15    Option(conId=765324651, symbol='VST', lastTrad...
16    Option(conId=765324677, symbol='VST', lastTrad...
17    Option(conId=763248394, symbol='WSM', lastTrad...
18    Option(conId=763248479, symbol='WSM', lastTrad...
Name: contract, dtype: object
    INFO | 2025-03-28T20:59:05Z | __main__ | async_ib_2.py:                      run | Line# 71 | RUN EXIT
    INFO | 2025-03-28T20:59:05Z | __main__ | async_ib_2.py:                 <module> | Line# 85 | finished program
   DEBUG | 2025-03-28T21:00:12Z | __main__ | async_ib_2.py:              init_logger | Line# 34 | start
   DEBUG | 2025-03-28T21:00:12Z | __main__ | async_ib_2.py:              init_logger | Line# 35 | finished
   DEBUG | 2025-03-28T21:00:12Z | __main__ | async_ib_2.py:                 <module> | Line# 82 | program call direct
    INFO | 2025-03-28T21:00:12Z | __main__ | async_ib_2.py:                 <module> | Line# 83 | start program
    INFO | 2025-03-28T21:00:12Z | __main__ | async_ib_2.py:                      run | Line# 44 | RUN START
    INFO | 2025-03-28T21:00:13Z | __main__ | async_ib_2.py:                      run | Line# 64 | 0     Option(conId=760988597, symbol='ALB', lastTrad...
1     Option(conId=760988670, symbol='ALB', lastTrad...
2     Option(conId=755327744, symbol='BIDU', lastTra...
3     Option(conId=755327783, symbol='BIDU', lastTra...
4     Option(conId=722886411, symbol='CTSH', lastTra...
5     Option(conId=722886491, symbol='CTSH', lastTra...
6     Option(conId=761035804, symbol='GOOG', lastTra...
7     Option(conId=761035843, symbol='GOOG', lastTra...
8     Option(conId=759632068, symbol='INTC', lastTra...
9     Option(conId=759632438, symbol='INTC', lastTra...
10    Option(conId=759651940, symbol='LI', lastTrade...
11    Option(conId=759652105, symbol='LI', lastTrade...
12    Option(conId=764847965, symbol='PLTR', lastTra...
13    Option(conId=764848210, symbol='PLTR', lastTra...
14    Option(conId=760004128, symbol='PLTR', lastTra...
15    Option(conId=765324651, symbol='VST', lastTrad...
16    Option(conId=765324677, symbol='VST', lastTrad...
17    Option(conId=763248394, symbol='WSM', lastTrad...
18    Option(conId=763248479, symbol='WSM', lastTrad...
Name: contract, dtype: object
   ERROR | 2025-03-28T21:00:13Z | __main__ | async_ib_2.py:                      run | Line# 73 | An error => 'Series' object is not callable occurred line:#66
    INFO | 2025-03-28T21:00:13Z | __main__ | async_ib_2.py:                 <module> | Line# 85 | finished program
   DEBUG | 2025-03-28T21:00:35Z | __main__ | async_ib_2.py:              init_logger | Line# 34 | start
   DEBUG | 2025-03-28T21:00:35Z | __main__ | async_ib_2.py:              init_logger | Line# 35 | finished
   DEBUG | 2025-03-28T21:00:35Z | __main__ | async_ib_2.py:                 <module> | Line# 82 | program call direct
    INFO | 2025-03-28T21:00:35Z | __main__ | async_ib_2.py:                 <module> | Line# 83 | start program
    INFO | 2025-03-28T21:00:35Z | __main__ | async_ib_2.py:                      run | Line# 44 | RUN START
   ERROR | 2025-03-28T21:00:36Z | __main__ | async_ib_2.py:                      run | Line# 73 | An error => 'Series' object is not callable occurred line:#66
    INFO | 2025-03-28T21:00:36Z | __main__ | async_ib_2.py:                 <module> | Line# 85 | finished program
   DEBUG | 2025-03-28T21:07:09Z | __main__ | async_ib_2.py:              init_logger | Line# 34 | start
   DEBUG | 2025-03-28T21:07:09Z | __main__ | async_ib_2.py:              init_logger | Line# 35 | finished
   DEBUG | 2025-03-28T21:07:09Z | __main__ | async_ib_2.py:                 <module> | Line# 82 | program call direct
    INFO | 2025-03-28T21:07:09Z | __main__ | async_ib_2.py:                 <module> | Line# 83 | start program
    INFO | 2025-03-28T21:07:09Z | __main__ | async_ib_2.py:                      run | Line# 44 | RUN START
    INFO | 2025-03-28T21:07:10Z | __main__ | async_ib_2.py:                      run | Line# 66 | position => 0     Option(conId=760988597, symbol='ALB', lastTrad...
1     Option(conId=760988670, symbol='ALB', lastTrad...
2     Option(conId=755327744, symbol='BIDU', lastTra...
3     Option(conId=755327783, symbol='BIDU', lastTra...
4     Option(conId=722886411, symbol='CTSH', lastTra...
5     Option(conId=722886491, symbol='CTSH', lastTra...
6     Option(conId=761035804, symbol='GOOG', lastTra...
7     Option(conId=761035843, symbol='GOOG', lastTra...
8     Option(conId=759632068, symbol='INTC', lastTra...
9     Option(conId=759632438, symbol='INTC', lastTra...
10    Option(conId=759651940, symbol='LI', lastTrade...
11    Option(conId=759652105, symbol='LI', lastTrade...
12    Option(conId=764847965, symbol='PLTR', lastTra...
13    Option(conId=764848210, symbol='PLTR', lastTra...
14    Option(conId=760004128, symbol='PLTR', lastTra...
15    Option(conId=765324651, symbol='VST', lastTrad...
16    Option(conId=765324677, symbol='VST', lastTrad...
17    Option(conId=763248394, symbol='WSM', lastTrad...
18    Option(conId=763248479, symbol='WSM', lastTrad...
Name: contract, dtype: object
    INFO | 2025-03-28T21:07:10Z | __main__ | async_ib_2.py:                      run | Line# 71 | RUN EXIT
    INFO | 2025-03-28T21:07:10Z | __main__ | async_ib_2.py:                 <module> | Line# 85 | finished program
   DEBUG | 2025-03-28T21:08:02Z | __main__ | async_ib_2.py:              init_logger | Line# 34 | start
   DEBUG | 2025-03-28T21:08:02Z | __main__ | async_ib_2.py:              init_logger | Line# 35 | finished
   DEBUG | 2025-03-28T21:08:02Z | __main__ | async_ib_2.py:                 <module> | Line# 82 | program call direct
    INFO | 2025-03-28T21:08:02Z | __main__ | async_ib_2.py:                 <module> | Line# 83 | start program
    INFO | 2025-03-28T21:08:02Z | __main__ | async_ib_2.py:                      run | Line# 44 | RUN START
   ERROR | 2025-03-28T21:08:03Z | __main__ | async_ib_2.py:                      run | Line# 73 | An error => 'symbol' occurred line:#65
    INFO | 2025-03-28T21:08:03Z | __main__ | async_ib_2.py:                 <module> | Line# 85 | finished program
   DEBUG | 2025-03-28T21:08:34Z | __main__ | async_ib_2.py:              init_logger | Line# 34 | start
   DEBUG | 2025-03-28T21:08:34Z | __main__ | async_ib_2.py:              init_logger | Line# 35 | finished
   DEBUG | 2025-03-28T21:08:34Z | __main__ | async_ib_2.py:                 <module> | Line# 82 | program call direct
    INFO | 2025-03-28T21:08:34Z | __main__ | async_ib_2.py:                 <module> | Line# 83 | start program
    INFO | 2025-03-28T21:08:34Z | __main__ | async_ib_2.py:                      run | Line# 44 | RUN START
    INFO | 2025-03-28T21:08:35Z | __main__ | async_ib_2.py:                      run | Line# 66 | position => <bound method NDFrame.describe of 0     Option(conId=760988597, symbol='ALB', lastTrad...
1     Option(conId=760988670, symbol='ALB', lastTrad...
2     Option(conId=755327744, symbol='BIDU', lastTra...
3     Option(conId=755327783, symbol='BIDU', lastTra...
4     Option(conId=722886411, symbol='CTSH', lastTra...
5     Option(conId=722886491, symbol='CTSH', lastTra...
6     Option(conId=761035804, symbol='GOOG', lastTra...
7     Option(conId=761035843, symbol='GOOG', lastTra...
8     Option(conId=759632068, symbol='INTC', lastTra...
9     Option(conId=759632438, symbol='INTC', lastTra...
10    Option(conId=759651940, symbol='LI', lastTrade...
11    Option(conId=759652105, symbol='LI', lastTrade...
12    Option(conId=764847965, symbol='PLTR', lastTra...
13    Option(conId=764848210, symbol='PLTR', lastTra...
14    Option(conId=760004128, symbol='PLTR', lastTra...
15    Option(conId=765324651, symbol='VST', lastTrad...
16    Option(conId=765324677, symbol='VST', lastTrad...
17    Option(conId=763248394, symbol='WSM', lastTrad...
18    Option(conId=763248479, symbol='WSM', lastTrad...
Name: contract, dtype: object>
    INFO | 2025-03-28T21:08:35Z | __main__ | async_ib_2.py:                      run | Line# 71 | RUN EXIT
    INFO | 2025-03-28T21:08:35Z | __main__ | async_ib_2.py:                 <module> | Line# 85 | finished program
   DEBUG | 2025-03-28T21:11:28Z | __main__ | async_ib_2.py:              init_logger | Line# 34 | start
   DEBUG | 2025-03-28T21:11:28Z | __main__ | async_ib_2.py:              init_logger | Line# 35 | finished
   DEBUG | 2025-03-28T21:11:28Z | __main__ | async_ib_2.py:                 <module> | Line# 83 | program call direct
    INFO | 2025-03-28T21:11:28Z | __main__ | async_ib_2.py:                 <module> | Line# 84 | start program
    INFO | 2025-03-28T21:11:28Z | __main__ | async_ib_2.py:                      run | Line# 44 | RUN START
    INFO | 2025-03-28T21:11:28Z | __main__ | async_ib_2.py:                      run | Line# 67 | position => 0     Option(conId=760988597, symbol='ALB', lastTrad...
1     Option(conId=760988670, symbol='ALB', lastTrad...
2     Option(conId=755327744, symbol='BIDU', lastTra...
3     Option(conId=755327783, symbol='BIDU', lastTra...
4     Option(conId=722886411, symbol='CTSH', lastTra...
5     Option(conId=722886491, symbol='CTSH', lastTra...
6     Option(conId=761035804, symbol='GOOG', lastTra...
7     Option(conId=761035843, symbol='GOOG', lastTra...
8     Option(conId=759632068, symbol='INTC', lastTra...
9     Option(conId=759632438, symbol='INTC', lastTra...
10    Option(conId=759651940, symbol='LI', lastTrade...
11    Option(conId=759652105, symbol='LI', lastTrade...
12    Option(conId=764847965, symbol='PLTR', lastTra...
13    Option(conId=764848210, symbol='PLTR', lastTra...
14    Option(conId=760004128, symbol='PLTR', lastTra...
15    Option(conId=765324651, symbol='VST', lastTrad...
16    Option(conId=765324677, symbol='VST', lastTrad...
17    Option(conId=763248394, symbol='WSM', lastTrad...
18    Option(conId=763248479, symbol='WSM', lastTrad...
Name: contract, dtype: object
    INFO | 2025-03-28T21:11:28Z | __main__ | async_ib_2.py:                      run | Line# 72 | RUN EXIT
    INFO | 2025-03-28T21:11:28Z | __main__ | async_ib_2.py:                 <module> | Line# 86 | finished program
   DEBUG | 2025-03-28T21:12:23Z | __main__ | async_ib_2.py:              init_logger | Line# 34 | start
   DEBUG | 2025-03-28T21:12:23Z | __main__ | async_ib_2.py:              init_logger | Line# 35 | finished
   DEBUG | 2025-03-28T21:12:23Z | __main__ | async_ib_2.py:                 <module> | Line# 84 | program call direct
    INFO | 2025-03-28T21:12:23Z | __main__ | async_ib_2.py:                 <module> | Line# 85 | start program
    INFO | 2025-03-28T21:12:23Z | __main__ | async_ib_2.py:                      run | Line# 44 | RUN START
    INFO | 2025-03-28T21:12:24Z | __main__ | async_ib_2.py:                      run | Line# 68 | position => 0     Option(conId=760988597, symbol='ALB', lastTrad...
1     Option(conId=760988670, symbol='ALB', lastTrad...
2     Option(conId=755327744, symbol='BIDU', lastTra...
3     Option(conId=755327783, symbol='BIDU', lastTra...
4     Option(conId=722886411, symbol='CTSH', lastTra...
5     Option(conId=722886491, symbol='CTSH', lastTra...
6     Option(conId=761035804, symbol='GOOG', lastTra...
7     Option(conId=761035843, symbol='GOOG', lastTra...
8     Option(conId=759632068, symbol='INTC', lastTra...
9     Option(conId=759632438, symbol='INTC', lastTra...
10    Option(conId=759651940, symbol='LI', lastTrade...
11    Option(conId=759652105, symbol='LI', lastTrade...
12    Option(conId=764847965, symbol='PLTR', lastTra...
13    Option(conId=764848210, symbol='PLTR', lastTra...
14    Option(conId=760004128, symbol='PLTR', lastTra...
15    Option(conId=765324651, symbol='VST', lastTrad...
16    Option(conId=765324677, symbol='VST', lastTrad...
17    Option(conId=763248394, symbol='WSM', lastTrad...
18    Option(conId=763248479, symbol='WSM', lastTrad...
Name: contract, dtype: object
    INFO | 2025-03-28T21:12:24Z | __main__ | async_ib_2.py:                      run | Line# 73 | RUN EXIT
    INFO | 2025-03-28T21:12:24Z | __main__ | async_ib_2.py:                 <module> | Line# 87 | finished program
   DEBUG | 2025-03-28T21:13:59Z | __main__ | async_ib_2.py:              init_logger | Line# 34 | start
   DEBUG | 2025-03-28T21:13:59Z | __main__ | async_ib_2.py:              init_logger | Line# 35 | finished
   DEBUG | 2025-03-28T21:13:59Z | __main__ | async_ib_2.py:                 <module> | Line# 86 | program call direct
    INFO | 2025-03-28T21:13:59Z | __main__ | async_ib_2.py:                 <module> | Line# 87 | start program
    INFO | 2025-03-28T21:13:59Z | __main__ | async_ib_2.py:                      run | Line# 44 | RUN START
    INFO | 2025-03-28T21:14:00Z | __main__ | async_ib_2.py:                      run | Line# 70 | position => 0     Option(conId=760988597, symbol='ALB', lastTrad...
1     Option(conId=760988670, symbol='ALB', lastTrad...
2     Option(conId=755327744, symbol='BIDU', lastTra...
3     Option(conId=755327783, symbol='BIDU', lastTra...
4     Option(conId=722886411, symbol='CTSH', lastTra...
5     Option(conId=722886491, symbol='CTSH', lastTra...
6     Option(conId=761035804, symbol='GOOG', lastTra...
7     Option(conId=761035843, symbol='GOOG', lastTra...
8     Option(conId=759632068, symbol='INTC', lastTra...
9     Option(conId=759632438, symbol='INTC', lastTra...
10    Option(conId=759651940, symbol='LI', lastTrade...
11    Option(conId=759652105, symbol='LI', lastTrade...
12    Option(conId=764847965, symbol='PLTR', lastTra...
13    Option(conId=764848210, symbol='PLTR', lastTra...
14    Option(conId=760004128, symbol='PLTR', lastTra...
15    Option(conId=765324651, symbol='VST', lastTrad...
16    Option(conId=765324677, symbol='VST', lastTrad...
17    Option(conId=763248394, symbol='WSM', lastTrad...
18    Option(conId=763248479, symbol='WSM', lastTrad...
Name: contract, dtype: object
    INFO | 2025-03-28T21:14:00Z | __main__ | async_ib_2.py:                      run | Line# 75 | RUN EXIT
    INFO | 2025-03-28T21:14:00Z | __main__ | async_ib_2.py:                 <module> | Line# 89 | finished program
   DEBUG | 2025-03-28T21:16:03Z | __main__ | async_ib_2.py:              init_logger | Line# 34 | start
   DEBUG | 2025-03-28T21:16:03Z | __main__ | async_ib_2.py:              init_logger | Line# 35 | finished
   DEBUG | 2025-03-28T21:16:03Z | __main__ | async_ib_2.py:                 <module> | Line# 89 | program call direct
    INFO | 2025-03-28T21:16:03Z | __main__ | async_ib_2.py:                 <module> | Line# 90 | start program
    INFO | 2025-03-28T21:16:03Z | __main__ | async_ib_2.py:                      run | Line# 44 | RUN START
    INFO | 2025-03-28T21:16:04Z | __main__ | async_ib_2.py:                      run | Line# 78 | RUN EXIT
    INFO | 2025-03-28T21:16:04Z | __main__ | async_ib_2.py:                 <module> | Line# 92 | finished program
   DEBUG | 2025-03-28T21:55:09Z | __main__ | async_ib_3.py:              init_logger | Line# 34 | start
   DEBUG | 2025-03-28T21:55:09Z | __main__ | async_ib_3.py:              init_logger | Line# 35 | finished
   DEBUG | 2025-03-28T21:55:09Z | __main__ | async_ib_3.py:                 <module> | Line# 89 | program call direct
    INFO | 2025-03-28T21:55:09Z | __main__ | async_ib_3.py:                 <module> | Line# 90 | start program
    INFO | 2025-03-28T21:55:09Z | __main__ | async_ib_3.py:                      run | Line# 44 | RUN START
    INFO | 2025-03-28T21:55:10Z | __main__ | async_ib_3.py:                      run | Line# 78 | RUN EXIT
    INFO | 2025-03-28T21:55:10Z | __main__ | async_ib_3.py:                 <module> | Line# 92 | finished program
   DEBUG | 2025-03-28T21:56:55Z | __main__ | async_ib_3.py:              init_logger | Line# 34 | start
   DEBUG | 2025-03-28T21:56:55Z | __main__ | async_ib_3.py:              init_logger | Line# 35 | finished
   DEBUG | 2025-03-28T21:56:55Z | __main__ | async_ib_3.py:                 <module> | Line# 94 | program call direct
    INFO | 2025-03-28T21:56:55Z | __main__ | async_ib_3.py:                 <module> | Line# 95 | start program
    INFO | 2025-03-28T21:56:55Z | __main__ | async_ib_3.py:                      run | Line# 44 | RUN START
    INFO | 2025-03-28T21:56:55Z | __main__ | async_ib_3.py:                      run | Line# 83 | RUN EXIT
    INFO | 2025-03-28T21:56:55Z | __main__ | async_ib_3.py:                 <module> | Line# 97 | finished program
   DEBUG | 2025-03-28T21:57:25Z | __main__ | async_ib_3.py:              init_logger | Line# 34 | start
   DEBUG | 2025-03-28T21:57:25Z | __main__ | async_ib_3.py:              init_logger | Line# 35 | finished
   DEBUG | 2025-03-28T21:57:25Z | __main__ | async_ib_3.py:                 <module> | Line# 94 | program call direct
    INFO | 2025-03-28T21:57:25Z | __main__ | async_ib_3.py:                 <module> | Line# 95 | start program
    INFO | 2025-03-28T21:57:25Z | __main__ | async_ib_3.py:                      run | Line# 44 | RUN START
    INFO | 2025-03-28T21:57:26Z | __main__ | async_ib_3.py:                      run | Line# 83 | RUN EXIT
    INFO | 2025-03-28T21:57:26Z | __main__ | async_ib_3.py:                 <module> | Line# 97 | finished program
   DEBUG | 2025-03-28T22:00:52Z | __main__ | async_ib_3.py:              init_logger | Line# 34 | start
   DEBUG | 2025-03-28T22:00:52Z | __main__ | async_ib_3.py:              init_logger | Line# 35 | finished
   DEBUG | 2025-03-28T22:00:52Z | __main__ | async_ib_3.py:                 <module> | Line# 102 | program call direct
    INFO | 2025-03-28T22:00:52Z | __main__ | async_ib_3.py:                 <module> | Line# 103 | start program
    INFO | 2025-03-28T22:00:52Z | __main__ | async_ib_3.py:                      run | Line# 44 | RUN START
    INFO | 2025-03-28T22:00:53Z | __main__ | async_ib_3.py:                      run | Line# 91 | RUN EXIT
    INFO | 2025-03-28T22:00:53Z | __main__ | async_ib_3.py:                 <module> | Line# 105 | finished program
   DEBUG | 2025-03-28T22:01:27Z | __main__ | async_ib_3.py:              init_logger | Line# 34 | start
   DEBUG | 2025-03-28T22:01:27Z | __main__ | async_ib_3.py:              init_logger | Line# 35 | finished
   DEBUG | 2025-03-28T22:01:27Z | __main__ | async_ib_3.py:                 <module> | Line# 102 | program call direct
    INFO | 2025-03-28T22:01:27Z | __main__ | async_ib_3.py:                 <module> | Line# 103 | start program
    INFO | 2025-03-28T22:01:27Z | __main__ | async_ib_3.py:                      run | Line# 44 | RUN START
    INFO | 2025-03-28T22:01:27Z | __main__ | async_ib_3.py:                      run | Line# 91 | RUN EXIT
    INFO | 2025-03-28T22:01:27Z | __main__ | async_ib_3.py:                 <module> | Line# 105 | finished program
   DEBUG | 2025-03-28T22:01:45Z | __main__ | async_ib_3.py:              init_logger | Line# 34 | start
   DEBUG | 2025-03-28T22:01:45Z | __main__ | async_ib_3.py:              init_logger | Line# 35 | finished
   DEBUG | 2025-03-28T22:01:45Z | __main__ | async_ib_3.py:                 <module> | Line# 102 | program call direct
    INFO | 2025-03-28T22:01:45Z | __main__ | async_ib_3.py:                 <module> | Line# 103 | start program
    INFO | 2025-03-28T22:01:45Z | __main__ | async_ib_3.py:                      run | Line# 44 | RUN START
    INFO | 2025-03-28T22:01:46Z | __main__ | async_ib_3.py:                      run | Line# 91 | RUN EXIT
    INFO | 2025-03-28T22:01:46Z | __main__ | async_ib_3.py:                 <module> | Line# 105 | finished program
   DEBUG | 2025-03-28T22:02:29Z | __main__ | async_ib_3.py:              init_logger | Line# 34 | start
   DEBUG | 2025-03-28T22:02:29Z | __main__ | async_ib_3.py:              init_logger | Line# 35 | finished
   DEBUG | 2025-03-28T22:02:29Z | __main__ | async_ib_3.py:                 <module> | Line# 102 | program call direct
    INFO | 2025-03-28T22:02:29Z | __main__ | async_ib_3.py:                 <module> | Line# 103 | start program
    INFO | 2025-03-28T22:02:29Z | __main__ | async_ib_3.py:                      run | Line# 44 | RUN START
    INFO | 2025-03-28T22:02:29Z | __main__ | async_ib_3.py:                      run | Line# 91 | RUN EXIT
    INFO | 2025-03-28T22:02:29Z | __main__ | async_ib_3.py:                 <module> | Line# 105 | finished program
   DEBUG | 2025-03-29T11:27:31Z | __main__ | async_ib_3.py:              init_logger | Line# 34 | start
   DEBUG | 2025-03-29T11:27:31Z | __main__ | async_ib_3.py:              init_logger | Line# 35 | finished
   DEBUG | 2025-03-29T11:27:31Z | __main__ | async_ib_3.py:                 <module> | Line# 102 | program call direct
    INFO | 2025-03-29T11:27:31Z | __main__ | async_ib_3.py:                 <module> | Line# 103 | start program
    INFO | 2025-03-29T11:27:31Z | __main__ | async_ib_3.py:                      run | Line# 44 | RUN START
    INFO | 2025-03-29T11:27:32Z | __main__ | async_ib_3.py:                      run | Line# 91 | RUN EXIT
    INFO | 2025-03-29T11:27:32Z | __main__ | async_ib_3.py:                 <module> | Line# 105 | finished program
   DEBUG | 2025-03-29T11:27:51Z | __main__ | async_ib_3.py:              init_logger | Line# 34 | start
   DEBUG | 2025-03-29T11:27:51Z | __main__ | async_ib_3.py:              init_logger | Line# 35 | finished
   DEBUG | 2025-03-29T11:27:51Z | __main__ | async_ib_3.py:                 <module> | Line# 102 | program call direct
    INFO | 2025-03-29T11:27:51Z | __main__ | async_ib_3.py:                 <module> | Line# 103 | start program
    INFO | 2025-03-29T11:27:51Z | __main__ | async_ib_3.py:                      run | Line# 44 | RUN START
    INFO | 2025-03-29T11:27:52Z | __main__ | async_ib_3.py:                      run | Line# 91 | RUN EXIT
    INFO | 2025-03-29T11:27:52Z | __main__ | async_ib_3.py:                 <module> | Line# 105 | finished program
   DEBUG | 2025-03-29T11:28:15Z | __main__ | async_ib_3.py:              init_logger | Line# 34 | start
   DEBUG | 2025-03-29T11:28:15Z | __main__ | async_ib_3.py:              init_logger | Line# 35 | finished
   DEBUG | 2025-03-29T11:28:15Z | __main__ | async_ib_3.py:                 <module> | Line# 102 | program call direct
    INFO | 2025-03-29T11:28:15Z | __main__ | async_ib_3.py:                 <module> | Line# 103 | start program
    INFO | 2025-03-29T11:28:15Z | __main__ | async_ib_3.py:                      run | Line# 44 | RUN START
    INFO | 2025-03-29T11:28:16Z | __main__ | async_ib_3.py:                      run | Line# 91 | RUN EXIT
    INFO | 2025-03-29T11:28:16Z | __main__ | async_ib_3.py:                 <module> | Line# 105 | finished program
   DEBUG | 2025-03-29T11:28:35Z | __main__ | async_ib_3.py:              init_logger | Line# 34 | start
   DEBUG | 2025-03-29T11:28:35Z | __main__ | async_ib_3.py:              init_logger | Line# 35 | finished
   DEBUG | 2025-03-29T11:28:36Z | __main__ | async_ib_3.py:                 <module> | Line# 102 | program call direct
    INFO | 2025-03-29T11:28:37Z | __main__ | async_ib_3.py:                 <module> | Line# 103 | start program
    INFO | 2025-03-29T11:28:56Z | __main__ | async_ib_3.py:                      run | Line# 44 | RUN START
   DEBUG | 2025-03-29T11:37:14Z | __main__ | async_ib_3.py:              init_logger | Line# 34 | start
   DEBUG | 2025-03-29T11:37:14Z | __main__ | async_ib_3.py:              init_logger | Line# 35 | finished
   DEBUG | 2025-03-29T11:37:15Z | __main__ | async_ib_3.py:                 <module> | Line# 106 | program call direct
    INFO | 2025-03-29T11:37:15Z | __main__ | async_ib_3.py:                 <module> | Line# 107 | start program
    INFO | 2025-03-29T11:37:16Z | __main__ | async_ib_3.py:                      run | Line# 44 | RUN START
   ERROR | 2025-03-29T11:37:17Z | __main__ | async_ib_3.py:                      run | Line# 97 | An error => 'str' object has no attribute 'includeExpired' occurred line:#67
   DEBUG | 2025-03-29T11:37:29Z | __main__ | async_ib_3.py:              init_logger | Line# 34 | start
   DEBUG | 2025-03-29T11:37:29Z | __main__ | async_ib_3.py:              init_logger | Line# 35 | finished
   DEBUG | 2025-03-29T11:37:29Z | __main__ | async_ib_3.py:                 <module> | Line# 106 | program call direct
    INFO | 2025-03-29T11:37:29Z | __main__ | async_ib_3.py:                 <module> | Line# 107 | start program
    INFO | 2025-03-29T11:37:33Z | __main__ | async_ib_3.py:                      run | Line# 44 | RUN START
   ERROR | 2025-03-29T11:37:57Z | __main__ | async_ib_3.py:                      run | Line# 97 | An error => 'str' object has no attribute 'includeExpired' occurred line:#67
